2021-12-11 12:24:03,239 - [ERROR]     - ElasticTransformator - (ElasticTransformator.py).data_transform(37) - 2 validation errors for Record
genre
  none is not an allowed value (type=type_error.none.not_allowed)
title
  none is not an allowed value (type=type_error.none.not_allowed)
2021-12-11 12:24:03,240 - [ERROR]     - ElasticTransformator - (ElasticTransformator.py).data_transform(37) - 2 validation errors for Record
genre
  none is not an allowed value (type=type_error.none.not_allowed)
title
  none is not an allowed value (type=type_error.none.not_allowed)
2021-12-11 12:24:03,241 - [ERROR]     - ElasticTransformator - (ElasticTransformator.py).data_transform(37) - 2 validation errors for Record
genre
  none is not an allowed value (type=type_error.none.not_allowed)
title
  none is not an allowed value (type=type_error.none.not_allowed)
2021-12-11 12:24:03,241 - [ERROR]     - ElasticTransformator - (ElasticTransformator.py).data_transform(37) - 2 validation errors for Record
genre
  none is not an allowed value (type=type_error.none.not_allowed)
title
  none is not an allowed value (type=type_error.none.not_allowed)
2021-12-11 12:24:03,241 - [ERROR]     - ElasticTransformator - (ElasticTransformator.py).data_transform(37) - 2 validation errors for Record
genre
  none is not an allowed value (type=type_error.none.not_allowed)
title
  none is not an allowed value (type=type_error.none.not_allowed)
2021-12-11 12:24:03,241 - [ERROR]     - ElasticTransformator - (ElasticTransformator.py).data_transform(37) - 2 validation errors for Record
genre
  none is not an allowed value (type=type_error.none.not_allowed)
title
  none is not an allowed value (type=type_error.none.not_allowed)
2021-12-11 12:24:03,242 - [ERROR]     - ElasticTransformator - (ElasticTransformator.py).data_transform(37) - 2 validation errors for Record
genre
  none is not an allowed value (type=type_error.none.not_allowed)
title
  none is not an allowed value (type=type_error.none.not_allowed)
2021-12-11 12:24:03,242 - [ERROR]     - ElasticTransformator - (ElasticTransformator.py).data_transform(37) - 2 validation errors for Record
genre
  none is not an allowed value (type=type_error.none.not_allowed)
title
  none is not an allowed value (type=type_error.none.not_allowed)
2021-12-11 12:24:03,242 - [ERROR]     - ElasticTransformator - (ElasticTransformator.py).data_transform(37) - 2 validation errors for Record
genre
  none is not an allowed value (type=type_error.none.not_allowed)
title
  none is not an allowed value (type=type_error.none.not_allowed)
2021-12-11 12:24:03,243 - [ERROR]     - ElasticTransformator - (ElasticTransformator.py).data_transform(37) - 2 validation errors for Record
genre
  none is not an allowed value (type=type_error.none.not_allowed)
title
  none is not an allowed value (type=type_error.none.not_allowed)
2021-12-11 12:24:03,243 - [ERROR]     - ElasticTransformator - (ElasticTransformator.py).data_transform(37) - 2 validation errors for Record
genre
  none is not an allowed value (type=type_error.none.not_allowed)
title
  none is not an allowed value (type=type_error.none.not_allowed)
2021-12-11 12:24:03,243 - [ERROR]     - ElasticTransformator - (ElasticTransformator.py).data_transform(37) - 2 validation errors for Record
genre
  none is not an allowed value (type=type_error.none.not_allowed)
title
  none is not an allowed value (type=type_error.none.not_allowed)
2021-12-11 12:24:03,243 - [ERROR]     - ElasticTransformator - (ElasticTransformator.py).data_transform(37) - 2 validation errors for Record
genre
  none is not an allowed value (type=type_error.none.not_allowed)
title
  none is not an allowed value (type=type_error.none.not_allowed)
2021-12-11 12:24:03,244 - [ERROR]     - ElasticTransformator - (ElasticTransformator.py).data_transform(37) - 2 validation errors for Record
genre
  none is not an allowed value (type=type_error.none.not_allowed)
title
  none is not an allowed value (type=type_error.none.not_allowed)
2021-12-11 12:24:03,244 - [ERROR]     - ElasticTransformator - (ElasticTransformator.py).data_transform(37) - 2 validation errors for Record
genre
  none is not an allowed value (type=type_error.none.not_allowed)
title
  none is not an allowed value (type=type_error.none.not_allowed)
2021-12-11 12:24:03,244 - [ERROR]     - ElasticTransformator - (ElasticTransformator.py).data_transform(37) - 2 validation errors for Record
genre
  none is not an allowed value (type=type_error.none.not_allowed)
title
  none is not an allowed value (type=type_error.none.not_allowed)
2021-12-11 12:24:03,244 - [ERROR]     - ElasticTransformator - (ElasticTransformator.py).data_transform(37) - 2 validation errors for Record
genre
  none is not an allowed value (type=type_error.none.not_allowed)
title
  none is not an allowed value (type=type_error.none.not_allowed)
2021-12-11 12:24:03,245 - [ERROR]     - ElasticTransformator - (ElasticTransformator.py).data_transform(37) - 2 validation errors for Record
genre
  none is not an allowed value (type=type_error.none.not_allowed)
title
  none is not an allowed value (type=type_error.none.not_allowed)
2021-12-11 12:24:03,245 - [ERROR]     - ElasticTransformator - (ElasticTransformator.py).data_transform(37) - 2 validation errors for Record
genre
  none is not an allowed value (type=type_error.none.not_allowed)
title
  none is not an allowed value (type=type_error.none.not_allowed)
2021-12-11 12:24:03,245 - [ERROR]     - ElasticTransformator - (ElasticTransformator.py).data_transform(37) - 2 validation errors for Record
genre
  none is not an allowed value (type=type_error.none.not_allowed)
title
  none is not an allowed value (type=type_error.none.not_allowed)
2021-12-11 12:24:03,245 - [ERROR]     - ElasticTransformator - (ElasticTransformator.py).data_transform(37) - 2 validation errors for Record
genre
  none is not an allowed value (type=type_error.none.not_allowed)
title
  none is not an allowed value (type=type_error.none.not_allowed)
2021-12-11 12:24:03,246 - [ERROR]     - ElasticTransformator - (ElasticTransformator.py).data_transform(37) - 2 validation errors for Record
genre
  none is not an allowed value (type=type_error.none.not_allowed)
title
  none is not an allowed value (type=type_error.none.not_allowed)
2021-12-11 12:24:03,246 - [ERROR]     - ElasticTransformator - (ElasticTransformator.py).data_transform(37) - 2 validation errors for Record
genre
  none is not an allowed value (type=type_error.none.not_allowed)
title
  none is not an allowed value (type=type_error.none.not_allowed)
2021-12-11 12:24:03,246 - [ERROR]     - ElasticTransformator - (ElasticTransformator.py).data_transform(37) - 2 validation errors for Record
genre
  none is not an allowed value (type=type_error.none.not_allowed)
title
  none is not an allowed value (type=type_error.none.not_allowed)
2021-12-11 12:24:03,247 - [ERROR]     - ElasticTransformator - (ElasticTransformator.py).data_transform(37) - 2 validation errors for Record
genre
  none is not an allowed value (type=type_error.none.not_allowed)
title
  none is not an allowed value (type=type_error.none.not_allowed)
2021-12-11 12:24:03,247 - [ERROR]     - ElasticTransformator - (ElasticTransformator.py).data_transform(37) - 2 validation errors for Record
genre
  none is not an allowed value (type=type_error.none.not_allowed)
title
  none is not an allowed value (type=type_error.none.not_allowed)
2021-12-11 12:24:03,247 - [ERROR]     - ElasticTransformator - (ElasticTransformator.py).data_transform(37) - 2 validation errors for Record
genre
  none is not an allowed value (type=type_error.none.not_allowed)
title
  none is not an allowed value (type=type_error.none.not_allowed)
2021-12-11 12:24:03,250 - [ERROR]     - ElasticTransformator - (ElasticTransformator.py).data_transform(37) - 2 validation errors for Record
genre
  none is not an allowed value (type=type_error.none.not_allowed)
title
  none is not an allowed value (type=type_error.none.not_allowed)
2021-12-11 12:24:03,251 - [ERROR]     - ElasticTransformator - (ElasticTransformator.py).data_transform(37) - 2 validation errors for Record
genre
  none is not an allowed value (type=type_error.none.not_allowed)
title
  none is not an allowed value (type=type_error.none.not_allowed)
2021-12-11 12:24:03,251 - [ERROR]     - ElasticTransformator - (ElasticTransformator.py).data_transform(37) - 2 validation errors for Record
genre
  none is not an allowed value (type=type_error.none.not_allowed)
title
  none is not an allowed value (type=type_error.none.not_allowed)
2021-12-11 12:24:03,251 - [ERROR]     - ElasticTransformator - (ElasticTransformator.py).data_transform(37) - 2 validation errors for Record
genre
  none is not an allowed value (type=type_error.none.not_allowed)
title
  none is not an allowed value (type=type_error.none.not_allowed)
2021-12-11 12:24:03,251 - [ERROR]     - ElasticTransformator - (ElasticTransformator.py).data_transform(37) - 2 validation errors for Record
genre
  none is not an allowed value (type=type_error.none.not_allowed)
title
  none is not an allowed value (type=type_error.none.not_allowed)
2021-12-11 12:24:03,252 - [ERROR]     - ElasticTransformator - (ElasticTransformator.py).data_transform(37) - 2 validation errors for Record
genre
  none is not an allowed value (type=type_error.none.not_allowed)
title
  none is not an allowed value (type=type_error.none.not_allowed)
2021-12-11 12:24:03,252 - [ERROR]     - ElasticTransformator - (ElasticTransformator.py).data_transform(37) - 2 validation errors for Record
genre
  none is not an allowed value (type=type_error.none.not_allowed)
title
  none is not an allowed value (type=type_error.none.not_allowed)
2021-12-11 12:24:03,252 - [ERROR]     - ElasticTransformator - (ElasticTransformator.py).data_transform(37) - 2 validation errors for Record
genre
  none is not an allowed value (type=type_error.none.not_allowed)
title
  none is not an allowed value (type=type_error.none.not_allowed)
2021-12-11 12:24:03,252 - [ERROR]     - ElasticTransformator - (ElasticTransformator.py).data_transform(37) - 2 validation errors for Record
genre
  none is not an allowed value (type=type_error.none.not_allowed)
title
  none is not an allowed value (type=type_error.none.not_allowed)
2021-12-11 12:24:03,253 - [ERROR]     - ElasticTransformator - (ElasticTransformator.py).data_transform(37) - 2 validation errors for Record
genre
  none is not an allowed value (type=type_error.none.not_allowed)
title
  none is not an allowed value (type=type_error.none.not_allowed)
2021-12-11 12:24:03,253 - [ERROR]     - ElasticTransformator - (ElasticTransformator.py).data_transform(37) - 2 validation errors for Record
genre
  none is not an allowed value (type=type_error.none.not_allowed)
title
  none is not an allowed value (type=type_error.none.not_allowed)
2021-12-11 12:24:03,253 - [ERROR]     - ElasticTransformator - (ElasticTransformator.py).data_transform(37) - 2 validation errors for Record
genre
  none is not an allowed value (type=type_error.none.not_allowed)
title
  none is not an allowed value (type=type_error.none.not_allowed)
2021-12-11 12:24:03,253 - [ERROR]     - ElasticTransformator - (ElasticTransformator.py).data_transform(37) - 2 validation errors for Record
genre
  none is not an allowed value (type=type_error.none.not_allowed)
title
  none is not an allowed value (type=type_error.none.not_allowed)
2021-12-11 12:24:03,254 - [ERROR]     - ElasticTransformator - (ElasticTransformator.py).data_transform(37) - 2 validation errors for Record
genre
  none is not an allowed value (type=type_error.none.not_allowed)
title
  none is not an allowed value (type=type_error.none.not_allowed)
2021-12-11 12:24:03,254 - [ERROR]     - ElasticTransformator - (ElasticTransformator.py).data_transform(37) - 2 validation errors for Record
genre
  none is not an allowed value (type=type_error.none.not_allowed)
title
  none is not an allowed value (type=type_error.none.not_allowed)
2021-12-11 12:24:03,254 - [ERROR]     - ElasticTransformator - (ElasticTransformator.py).data_transform(37) - 2 validation errors for Record
genre
  none is not an allowed value (type=type_error.none.not_allowed)
title
  none is not an allowed value (type=type_error.none.not_allowed)
2021-12-11 12:24:03,255 - [ERROR]     - ElasticTransformator - (ElasticTransformator.py).data_transform(37) - 2 validation errors for Record
genre
  none is not an allowed value (type=type_error.none.not_allowed)
title
  none is not an allowed value (type=type_error.none.not_allowed)
2021-12-11 12:24:03,255 - [ERROR]     - ElasticTransformator - (ElasticTransformator.py).data_transform(37) - 2 validation errors for Record
genre
  none is not an allowed value (type=type_error.none.not_allowed)
title
  none is not an allowed value (type=type_error.none.not_allowed)
2021-12-11 12:24:03,255 - [ERROR]     - ElasticTransformator - (ElasticTransformator.py).data_transform(37) - 2 validation errors for Record
genre
  none is not an allowed value (type=type_error.none.not_allowed)
title
  none is not an allowed value (type=type_error.none.not_allowed)
2021-12-11 12:24:03,255 - [ERROR]     - ElasticTransformator - (ElasticTransformator.py).data_transform(37) - 2 validation errors for Record
genre
  none is not an allowed value (type=type_error.none.not_allowed)
title
  none is not an allowed value (type=type_error.none.not_allowed)
2021-12-11 12:24:03,256 - [ERROR]     - ElasticTransformator - (ElasticTransformator.py).data_transform(37) - 2 validation errors for Record
genre
  none is not an allowed value (type=type_error.none.not_allowed)
title
  none is not an allowed value (type=type_error.none.not_allowed)
2021-12-11 12:24:03,256 - [ERROR]     - ElasticTransformator - (ElasticTransformator.py).data_transform(37) - 2 validation errors for Record
genre
  none is not an allowed value (type=type_error.none.not_allowed)
title
  none is not an allowed value (type=type_error.none.not_allowed)
2021-12-11 12:24:03,256 - [ERROR]     - ElasticTransformator - (ElasticTransformator.py).data_transform(37) - 2 validation errors for Record
genre
  none is not an allowed value (type=type_error.none.not_allowed)
title
  none is not an allowed value (type=type_error.none.not_allowed)
2021-12-11 12:24:03,256 - [ERROR]     - ElasticTransformator - (ElasticTransformator.py).data_transform(37) - 2 validation errors for Record
genre
  none is not an allowed value (type=type_error.none.not_allowed)
title
  none is not an allowed value (type=type_error.none.not_allowed)
2021-12-11 12:24:03,257 - [ERROR]     - ElasticTransformator - (ElasticTransformator.py).data_transform(37) - 2 validation errors for Record
genre
  none is not an allowed value (type=type_error.none.not_allowed)
title
  none is not an allowed value (type=type_error.none.not_allowed)
2021-12-11 12:24:03,257 - [ERROR]     - ElasticTransformator - (ElasticTransformator.py).data_transform(37) - 2 validation errors for Record
genre
  none is not an allowed value (type=type_error.none.not_allowed)
title
  none is not an allowed value (type=type_error.none.not_allowed)
2021-12-11 12:24:03,258 - [ERROR]     - ElasticTransformator - (ElasticTransformator.py).data_transform(37) - 2 validation errors for Record
genre
  none is not an allowed value (type=type_error.none.not_allowed)
title
  none is not an allowed value (type=type_error.none.not_allowed)
2021-12-11 12:24:03,259 - [ERROR]     - ElasticTransformator - (ElasticTransformator.py).data_transform(37) - 2 validation errors for Record
genre
  none is not an allowed value (type=type_error.none.not_allowed)
title
  none is not an allowed value (type=type_error.none.not_allowed)
2021-12-11 12:24:03,259 - [ERROR]     - ElasticTransformator - (ElasticTransformator.py).data_transform(37) - 2 validation errors for Record
genre
  none is not an allowed value (type=type_error.none.not_allowed)
title
  none is not an allowed value (type=type_error.none.not_allowed)
2021-12-11 12:24:03,259 - [ERROR]     - ElasticTransformator - (ElasticTransformator.py).data_transform(37) - 2 validation errors for Record
genre
  none is not an allowed value (type=type_error.none.not_allowed)
title
  none is not an allowed value (type=type_error.none.not_allowed)
2021-12-11 12:24:03,260 - [ERROR]     - ElasticTransformator - (ElasticTransformator.py).data_transform(37) - 2 validation errors for Record
genre
  none is not an allowed value (type=type_error.none.not_allowed)
title
  none is not an allowed value (type=type_error.none.not_allowed)
2021-12-11 12:24:03,260 - [ERROR]     - ElasticTransformator - (ElasticTransformator.py).data_transform(37) - 2 validation errors for Record
genre
  none is not an allowed value (type=type_error.none.not_allowed)
title
  none is not an allowed value (type=type_error.none.not_allowed)
2021-12-11 12:24:03,260 - [ERROR]     - ElasticTransformator - (ElasticTransformator.py).data_transform(37) - 2 validation errors for Record
genre
  none is not an allowed value (type=type_error.none.not_allowed)
title
  none is not an allowed value (type=type_error.none.not_allowed)
2021-12-11 12:24:03,260 - [ERROR]     - ElasticTransformator - (ElasticTransformator.py).data_transform(37) - 2 validation errors for Record
genre
  none is not an allowed value (type=type_error.none.not_allowed)
title
  none is not an allowed value (type=type_error.none.not_allowed)
2021-12-11 12:24:03,261 - [ERROR]     - ElasticTransformator - (ElasticTransformator.py).data_transform(37) - 2 validation errors for Record
genre
  none is not an allowed value (type=type_error.none.not_allowed)
title
  none is not an allowed value (type=type_error.none.not_allowed)
2021-12-11 12:24:03,261 - [ERROR]     - ElasticTransformator - (ElasticTransformator.py).data_transform(37) - 2 validation errors for Record
genre
  none is not an allowed value (type=type_error.none.not_allowed)
title
  none is not an allowed value (type=type_error.none.not_allowed)
2021-12-11 12:24:03,261 - [ERROR]     - ElasticTransformator - (ElasticTransformator.py).data_transform(37) - 2 validation errors for Record
genre
  none is not an allowed value (type=type_error.none.not_allowed)
title
  none is not an allowed value (type=type_error.none.not_allowed)
2021-12-11 12:24:03,261 - [ERROR]     - ElasticTransformator - (ElasticTransformator.py).data_transform(37) - 2 validation errors for Record
genre
  none is not an allowed value (type=type_error.none.not_allowed)
title
  none is not an allowed value (type=type_error.none.not_allowed)
2021-12-11 12:24:03,261 - [ERROR]     - ElasticTransformator - (ElasticTransformator.py).data_transform(37) - 2 validation errors for Record
genre
  none is not an allowed value (type=type_error.none.not_allowed)
title
  none is not an allowed value (type=type_error.none.not_allowed)
2021-12-11 12:24:03,262 - [ERROR]     - ElasticTransformator - (ElasticTransformator.py).data_transform(37) - 2 validation errors for Record
genre
  none is not an allowed value (type=type_error.none.not_allowed)
title
  none is not an allowed value (type=type_error.none.not_allowed)
2021-12-11 12:24:03,262 - [ERROR]     - ElasticTransformator - (ElasticTransformator.py).data_transform(37) - 2 validation errors for Record
genre
  none is not an allowed value (type=type_error.none.not_allowed)
title
  none is not an allowed value (type=type_error.none.not_allowed)
2021-12-11 12:24:03,263 - [ERROR]     - ElasticTransformator - (ElasticTransformator.py).data_transform(37) - 2 validation errors for Record
genre
  none is not an allowed value (type=type_error.none.not_allowed)
title
  none is not an allowed value (type=type_error.none.not_allowed)
2021-12-11 12:24:03,263 - [ERROR]     - ElasticTransformator - (ElasticTransformator.py).data_transform(37) - 2 validation errors for Record
genre
  none is not an allowed value (type=type_error.none.not_allowed)
title
  none is not an allowed value (type=type_error.none.not_allowed)
2021-12-11 12:24:03,264 - [ERROR]     - ElasticTransformator - (ElasticTransformator.py).data_transform(37) - 2 validation errors for Record
genre
  none is not an allowed value (type=type_error.none.not_allowed)
title
  none is not an allowed value (type=type_error.none.not_allowed)
2021-12-11 12:24:03,264 - [ERROR]     - ElasticTransformator - (ElasticTransformator.py).data_transform(37) - 2 validation errors for Record
genre
  none is not an allowed value (type=type_error.none.not_allowed)
title
  none is not an allowed value (type=type_error.none.not_allowed)
2021-12-11 12:24:03,264 - [ERROR]     - ElasticTransformator - (ElasticTransformator.py).data_transform(37) - 2 validation errors for Record
genre
  none is not an allowed value (type=type_error.none.not_allowed)
title
  none is not an allowed value (type=type_error.none.not_allowed)
2021-12-11 12:24:03,264 - [ERROR]     - ElasticTransformator - (ElasticTransformator.py).data_transform(37) - 2 validation errors for Record
genre
  none is not an allowed value (type=type_error.none.not_allowed)
title
  none is not an allowed value (type=type_error.none.not_allowed)
2021-12-11 12:24:03,265 - [ERROR]     - ElasticTransformator - (ElasticTransformator.py).data_transform(37) - 2 validation errors for Record
genre
  none is not an allowed value (type=type_error.none.not_allowed)
title
  none is not an allowed value (type=type_error.none.not_allowed)
2021-12-11 12:24:03,265 - [ERROR]     - ElasticTransformator - (ElasticTransformator.py).data_transform(37) - 2 validation errors for Record
genre
  none is not an allowed value (type=type_error.none.not_allowed)
title
  none is not an allowed value (type=type_error.none.not_allowed)
2021-12-11 12:24:03,265 - [ERROR]     - ElasticTransformator - (ElasticTransformator.py).data_transform(37) - 2 validation errors for Record
genre
  none is not an allowed value (type=type_error.none.not_allowed)
title
  none is not an allowed value (type=type_error.none.not_allowed)
2021-12-11 12:24:03,266 - [ERROR]     - ElasticTransformator - (ElasticTransformator.py).data_transform(37) - 2 validation errors for Record
genre
  none is not an allowed value (type=type_error.none.not_allowed)
title
  none is not an allowed value (type=type_error.none.not_allowed)
2021-12-11 12:24:03,266 - [ERROR]     - ElasticTransformator - (ElasticTransformator.py).data_transform(37) - 2 validation errors for Record
genre
  none is not an allowed value (type=type_error.none.not_allowed)
title
  none is not an allowed value (type=type_error.none.not_allowed)
2021-12-11 12:24:03,266 - [ERROR]     - ElasticTransformator - (ElasticTransformator.py).data_transform(37) - 2 validation errors for Record
genre
  none is not an allowed value (type=type_error.none.not_allowed)
title
  none is not an allowed value (type=type_error.none.not_allowed)
2021-12-11 12:24:03,266 - [ERROR]     - ElasticTransformator - (ElasticTransformator.py).data_transform(37) - 2 validation errors for Record
genre
  none is not an allowed value (type=type_error.none.not_allowed)
title
  none is not an allowed value (type=type_error.none.not_allowed)
2021-12-11 12:24:03,267 - [ERROR]     - ElasticTransformator - (ElasticTransformator.py).data_transform(37) - 2 validation errors for Record
genre
  none is not an allowed value (type=type_error.none.not_allowed)
title
  none is not an allowed value (type=type_error.none.not_allowed)
2021-12-11 12:24:03,267 - [ERROR]     - ElasticTransformator - (ElasticTransformator.py).data_transform(37) - 2 validation errors for Record
genre
  none is not an allowed value (type=type_error.none.not_allowed)
title
  none is not an allowed value (type=type_error.none.not_allowed)
2021-12-11 12:24:03,267 - [ERROR]     - ElasticTransformator - (ElasticTransformator.py).data_transform(37) - 2 validation errors for Record
genre
  none is not an allowed value (type=type_error.none.not_allowed)
title
  none is not an allowed value (type=type_error.none.not_allowed)
2021-12-11 12:24:03,267 - [ERROR]     - ElasticTransformator - (ElasticTransformator.py).data_transform(37) - 2 validation errors for Record
genre
  none is not an allowed value (type=type_error.none.not_allowed)
title
  none is not an allowed value (type=type_error.none.not_allowed)
2021-12-11 12:24:03,268 - [ERROR]     - ElasticTransformator - (ElasticTransformator.py).data_transform(37) - 2 validation errors for Record
genre
  none is not an allowed value (type=type_error.none.not_allowed)
title
  none is not an allowed value (type=type_error.none.not_allowed)
2021-12-11 12:24:03,268 - [ERROR]     - ElasticTransformator - (ElasticTransformator.py).data_transform(37) - 2 validation errors for Record
genre
  none is not an allowed value (type=type_error.none.not_allowed)
title
  none is not an allowed value (type=type_error.none.not_allowed)
2021-12-11 12:24:03,268 - [ERROR]     - ElasticTransformator - (ElasticTransformator.py).data_transform(37) - 2 validation errors for Record
genre
  none is not an allowed value (type=type_error.none.not_allowed)
title
  none is not an allowed value (type=type_error.none.not_allowed)
2021-12-11 12:24:03,268 - [ERROR]     - ElasticTransformator - (ElasticTransformator.py).data_transform(37) - 2 validation errors for Record
genre
  none is not an allowed value (type=type_error.none.not_allowed)
title
  none is not an allowed value (type=type_error.none.not_allowed)
2021-12-11 12:24:03,269 - [ERROR]     - ElasticTransformator - (ElasticTransformator.py).data_transform(37) - 2 validation errors for Record
genre
  none is not an allowed value (type=type_error.none.not_allowed)
title
  none is not an allowed value (type=type_error.none.not_allowed)
2021-12-11 12:24:03,269 - [ERROR]     - ElasticTransformator - (ElasticTransformator.py).data_transform(37) - 2 validation errors for Record
genre
  none is not an allowed value (type=type_error.none.not_allowed)
title
  none is not an allowed value (type=type_error.none.not_allowed)
2021-12-11 12:24:03,269 - [ERROR]     - ElasticTransformator - (ElasticTransformator.py).data_transform(37) - 2 validation errors for Record
genre
  none is not an allowed value (type=type_error.none.not_allowed)
title
  none is not an allowed value (type=type_error.none.not_allowed)
2021-12-11 12:24:03,269 - [ERROR]     - ElasticTransformator - (ElasticTransformator.py).data_transform(37) - 2 validation errors for Record
genre
  none is not an allowed value (type=type_error.none.not_allowed)
title
  none is not an allowed value (type=type_error.none.not_allowed)
2021-12-11 12:24:03,270 - [ERROR]     - ElasticTransformator - (ElasticTransformator.py).data_transform(37) - 2 validation errors for Record
genre
  none is not an allowed value (type=type_error.none.not_allowed)
title
  none is not an allowed value (type=type_error.none.not_allowed)
2021-12-11 12:24:03,270 - [ERROR]     - ElasticTransformator - (ElasticTransformator.py).data_transform(37) - 2 validation errors for Record
genre
  none is not an allowed value (type=type_error.none.not_allowed)
title
  none is not an allowed value (type=type_error.none.not_allowed)
2021-12-11 12:24:03,270 - [ERROR]     - ElasticTransformator - (ElasticTransformator.py).data_transform(37) - 2 validation errors for Record
genre
  none is not an allowed value (type=type_error.none.not_allowed)
title
  none is not an allowed value (type=type_error.none.not_allowed)
2021-12-11 12:24:03,270 - [ERROR]     - ElasticTransformator - (ElasticTransformator.py).data_transform(37) - 2 validation errors for Record
genre
  none is not an allowed value (type=type_error.none.not_allowed)
title
  none is not an allowed value (type=type_error.none.not_allowed)
2021-12-11 12:24:03,270 - [ERROR]     - ElasticTransformator - (ElasticTransformator.py).data_transform(37) - 2 validation errors for Record
genre
  none is not an allowed value (type=type_error.none.not_allowed)
title
  none is not an allowed value (type=type_error.none.not_allowed)
2021-12-11 12:24:03,271 - [ERROR]     - ElasticTransformator - (ElasticTransformator.py).data_transform(37) - 2 validation errors for Record
genre
  none is not an allowed value (type=type_error.none.not_allowed)
title
  none is not an allowed value (type=type_error.none.not_allowed)
2021-12-11 12:24:03,271 - [ERROR]     - ElasticTransformator - (ElasticTransformator.py).data_transform(37) - 2 validation errors for Record
genre
  none is not an allowed value (type=type_error.none.not_allowed)
title
  none is not an allowed value (type=type_error.none.not_allowed)
2021-12-11 12:24:09,932 - [ERROR]     - ElasticTransformator - (ElasticTransformator.py).data_transform(37) - 2 validation errors for Record
genre
  none is not an allowed value (type=type_error.none.not_allowed)
title
  none is not an allowed value (type=type_error.none.not_allowed)
2021-12-11 12:24:09,933 - [ERROR]     - ElasticTransformator - (ElasticTransformator.py).data_transform(37) - 2 validation errors for Record
genre
  none is not an allowed value (type=type_error.none.not_allowed)
title
  none is not an allowed value (type=type_error.none.not_allowed)
2021-12-11 12:24:09,934 - [ERROR]     - ElasticTransformator - (ElasticTransformator.py).data_transform(37) - 2 validation errors for Record
genre
  none is not an allowed value (type=type_error.none.not_allowed)
title
  none is not an allowed value (type=type_error.none.not_allowed)
2021-12-11 12:24:09,934 - [ERROR]     - ElasticTransformator - (ElasticTransformator.py).data_transform(37) - 2 validation errors for Record
genre
  none is not an allowed value (type=type_error.none.not_allowed)
title
  none is not an allowed value (type=type_error.none.not_allowed)
2021-12-11 12:24:09,935 - [ERROR]     - ElasticTransformator - (ElasticTransformator.py).data_transform(37) - 2 validation errors for Record
genre
  none is not an allowed value (type=type_error.none.not_allowed)
title
  none is not an allowed value (type=type_error.none.not_allowed)
2021-12-11 12:24:09,935 - [ERROR]     - ElasticTransformator - (ElasticTransformator.py).data_transform(37) - 2 validation errors for Record
genre
  none is not an allowed value (type=type_error.none.not_allowed)
title
  none is not an allowed value (type=type_error.none.not_allowed)
2021-12-11 12:24:09,935 - [ERROR]     - ElasticTransformator - (ElasticTransformator.py).data_transform(37) - 2 validation errors for Record
genre
  none is not an allowed value (type=type_error.none.not_allowed)
title
  none is not an allowed value (type=type_error.none.not_allowed)
2021-12-11 12:24:09,935 - [ERROR]     - ElasticTransformator - (ElasticTransformator.py).data_transform(37) - 2 validation errors for Record
genre
  none is not an allowed value (type=type_error.none.not_allowed)
title
  none is not an allowed value (type=type_error.none.not_allowed)
2021-12-11 12:24:09,936 - [ERROR]     - ElasticTransformator - (ElasticTransformator.py).data_transform(37) - 2 validation errors for Record
genre
  none is not an allowed value (type=type_error.none.not_allowed)
title
  none is not an allowed value (type=type_error.none.not_allowed)
2021-12-11 12:24:09,936 - [ERROR]     - ElasticTransformator - (ElasticTransformator.py).data_transform(37) - 2 validation errors for Record
genre
  none is not an allowed value (type=type_error.none.not_allowed)
title
  none is not an allowed value (type=type_error.none.not_allowed)
2021-12-11 12:24:09,936 - [ERROR]     - ElasticTransformator - (ElasticTransformator.py).data_transform(37) - 2 validation errors for Record
genre
  none is not an allowed value (type=type_error.none.not_allowed)
title
  none is not an allowed value (type=type_error.none.not_allowed)
2021-12-11 12:24:09,936 - [ERROR]     - ElasticTransformator - (ElasticTransformator.py).data_transform(37) - 2 validation errors for Record
genre
  none is not an allowed value (type=type_error.none.not_allowed)
title
  none is not an allowed value (type=type_error.none.not_allowed)
2021-12-11 12:24:09,937 - [ERROR]     - ElasticTransformator - (ElasticTransformator.py).data_transform(37) - 2 validation errors for Record
genre
  none is not an allowed value (type=type_error.none.not_allowed)
title
  none is not an allowed value (type=type_error.none.not_allowed)
2021-12-11 12:24:09,937 - [ERROR]     - ElasticTransformator - (ElasticTransformator.py).data_transform(37) - 2 validation errors for Record
genre
  none is not an allowed value (type=type_error.none.not_allowed)
title
  none is not an allowed value (type=type_error.none.not_allowed)
2021-12-11 12:24:09,937 - [ERROR]     - ElasticTransformator - (ElasticTransformator.py).data_transform(37) - 2 validation errors for Record
genre
  none is not an allowed value (type=type_error.none.not_allowed)
title
  none is not an allowed value (type=type_error.none.not_allowed)
2021-12-11 12:24:09,937 - [ERROR]     - ElasticTransformator - (ElasticTransformator.py).data_transform(37) - 2 validation errors for Record
genre
  none is not an allowed value (type=type_error.none.not_allowed)
title
  none is not an allowed value (type=type_error.none.not_allowed)
2021-12-11 12:24:09,938 - [ERROR]     - ElasticTransformator - (ElasticTransformator.py).data_transform(37) - 2 validation errors for Record
genre
  none is not an allowed value (type=type_error.none.not_allowed)
title
  none is not an allowed value (type=type_error.none.not_allowed)
2021-12-11 12:24:09,939 - [ERROR]     - ElasticTransformator - (ElasticTransformator.py).data_transform(37) - 2 validation errors for Record
genre
  none is not an allowed value (type=type_error.none.not_allowed)
title
  none is not an allowed value (type=type_error.none.not_allowed)
2021-12-11 12:24:09,939 - [ERROR]     - ElasticTransformator - (ElasticTransformator.py).data_transform(37) - 2 validation errors for Record
genre
  none is not an allowed value (type=type_error.none.not_allowed)
title
  none is not an allowed value (type=type_error.none.not_allowed)
2021-12-11 12:24:09,939 - [ERROR]     - ElasticTransformator - (ElasticTransformator.py).data_transform(37) - 2 validation errors for Record
genre
  none is not an allowed value (type=type_error.none.not_allowed)
title
  none is not an allowed value (type=type_error.none.not_allowed)
2021-12-11 12:24:09,939 - [ERROR]     - ElasticTransformator - (ElasticTransformator.py).data_transform(37) - 2 validation errors for Record
genre
  none is not an allowed value (type=type_error.none.not_allowed)
title
  none is not an allowed value (type=type_error.none.not_allowed)
2021-12-11 12:24:09,939 - [ERROR]     - ElasticTransformator - (ElasticTransformator.py).data_transform(37) - 2 validation errors for Record
genre
  none is not an allowed value (type=type_error.none.not_allowed)
title
  none is not an allowed value (type=type_error.none.not_allowed)
2021-12-11 12:24:09,940 - [ERROR]     - ElasticTransformator - (ElasticTransformator.py).data_transform(37) - 2 validation errors for Record
genre
  none is not an allowed value (type=type_error.none.not_allowed)
title
  none is not an allowed value (type=type_error.none.not_allowed)
2021-12-11 12:24:09,940 - [ERROR]     - ElasticTransformator - (ElasticTransformator.py).data_transform(37) - 2 validation errors for Record
genre
  none is not an allowed value (type=type_error.none.not_allowed)
title
  none is not an allowed value (type=type_error.none.not_allowed)
2021-12-11 12:24:09,940 - [ERROR]     - ElasticTransformator - (ElasticTransformator.py).data_transform(37) - 2 validation errors for Record
genre
  none is not an allowed value (type=type_error.none.not_allowed)
title
  none is not an allowed value (type=type_error.none.not_allowed)
2021-12-11 12:24:09,940 - [ERROR]     - ElasticTransformator - (ElasticTransformator.py).data_transform(37) - 2 validation errors for Record
genre
  none is not an allowed value (type=type_error.none.not_allowed)
title
  none is not an allowed value (type=type_error.none.not_allowed)
2021-12-11 12:24:09,941 - [ERROR]     - ElasticTransformator - (ElasticTransformator.py).data_transform(37) - 2 validation errors for Record
genre
  none is not an allowed value (type=type_error.none.not_allowed)
title
  none is not an allowed value (type=type_error.none.not_allowed)
2021-12-11 12:24:09,941 - [ERROR]     - ElasticTransformator - (ElasticTransformator.py).data_transform(37) - 2 validation errors for Record
genre
  none is not an allowed value (type=type_error.none.not_allowed)
title
  none is not an allowed value (type=type_error.none.not_allowed)
2021-12-11 12:24:09,941 - [ERROR]     - ElasticTransformator - (ElasticTransformator.py).data_transform(37) - 2 validation errors for Record
genre
  none is not an allowed value (type=type_error.none.not_allowed)
title
  none is not an allowed value (type=type_error.none.not_allowed)
2021-12-11 12:24:09,941 - [ERROR]     - ElasticTransformator - (ElasticTransformator.py).data_transform(37) - 2 validation errors for Record
genre
  none is not an allowed value (type=type_error.none.not_allowed)
title
  none is not an allowed value (type=type_error.none.not_allowed)
2021-12-11 12:24:09,942 - [ERROR]     - ElasticTransformator - (ElasticTransformator.py).data_transform(37) - 2 validation errors for Record
genre
  none is not an allowed value (type=type_error.none.not_allowed)
title
  none is not an allowed value (type=type_error.none.not_allowed)
2021-12-11 12:24:09,942 - [ERROR]     - ElasticTransformator - (ElasticTransformator.py).data_transform(37) - 2 validation errors for Record
genre
  none is not an allowed value (type=type_error.none.not_allowed)
title
  none is not an allowed value (type=type_error.none.not_allowed)
2021-12-11 12:24:09,942 - [ERROR]     - ElasticTransformator - (ElasticTransformator.py).data_transform(37) - 2 validation errors for Record
genre
  none is not an allowed value (type=type_error.none.not_allowed)
title
  none is not an allowed value (type=type_error.none.not_allowed)
2021-12-11 12:24:09,943 - [ERROR]     - ElasticTransformator - (ElasticTransformator.py).data_transform(37) - 2 validation errors for Record
genre
  none is not an allowed value (type=type_error.none.not_allowed)
title
  none is not an allowed value (type=type_error.none.not_allowed)
2021-12-11 12:24:09,943 - [ERROR]     - ElasticTransformator - (ElasticTransformator.py).data_transform(37) - 2 validation errors for Record
genre
  none is not an allowed value (type=type_error.none.not_allowed)
title
  none is not an allowed value (type=type_error.none.not_allowed)
2021-12-11 12:24:09,943 - [ERROR]     - ElasticTransformator - (ElasticTransformator.py).data_transform(37) - 2 validation errors for Record
genre
  none is not an allowed value (type=type_error.none.not_allowed)
title
  none is not an allowed value (type=type_error.none.not_allowed)
2021-12-11 12:24:09,943 - [ERROR]     - ElasticTransformator - (ElasticTransformator.py).data_transform(37) - 2 validation errors for Record
genre
  none is not an allowed value (type=type_error.none.not_allowed)
title
  none is not an allowed value (type=type_error.none.not_allowed)
2021-12-11 12:24:09,944 - [ERROR]     - ElasticTransformator - (ElasticTransformator.py).data_transform(37) - 2 validation errors for Record
genre
  none is not an allowed value (type=type_error.none.not_allowed)
title
  none is not an allowed value (type=type_error.none.not_allowed)
2021-12-11 12:24:09,944 - [ERROR]     - ElasticTransformator - (ElasticTransformator.py).data_transform(37) - 2 validation errors for Record
genre
  none is not an allowed value (type=type_error.none.not_allowed)
title
  none is not an allowed value (type=type_error.none.not_allowed)
2021-12-11 12:24:09,944 - [ERROR]     - ElasticTransformator - (ElasticTransformator.py).data_transform(37) - 2 validation errors for Record
genre
  none is not an allowed value (type=type_error.none.not_allowed)
title
  none is not an allowed value (type=type_error.none.not_allowed)
2021-12-11 12:24:09,945 - [ERROR]     - ElasticTransformator - (ElasticTransformator.py).data_transform(37) - 2 validation errors for Record
genre
  none is not an allowed value (type=type_error.none.not_allowed)
title
  none is not an allowed value (type=type_error.none.not_allowed)
2021-12-11 12:24:09,945 - [ERROR]     - ElasticTransformator - (ElasticTransformator.py).data_transform(37) - 2 validation errors for Record
genre
  none is not an allowed value (type=type_error.none.not_allowed)
title
  none is not an allowed value (type=type_error.none.not_allowed)
2021-12-11 12:24:09,945 - [ERROR]     - ElasticTransformator - (ElasticTransformator.py).data_transform(37) - 2 validation errors for Record
genre
  none is not an allowed value (type=type_error.none.not_allowed)
title
  none is not an allowed value (type=type_error.none.not_allowed)
2021-12-11 12:24:09,945 - [ERROR]     - ElasticTransformator - (ElasticTransformator.py).data_transform(37) - 2 validation errors for Record
genre
  none is not an allowed value (type=type_error.none.not_allowed)
title
  none is not an allowed value (type=type_error.none.not_allowed)
2021-12-11 12:24:09,946 - [ERROR]     - ElasticTransformator - (ElasticTransformator.py).data_transform(37) - 2 validation errors for Record
genre
  none is not an allowed value (type=type_error.none.not_allowed)
title
  none is not an allowed value (type=type_error.none.not_allowed)
2021-12-11 12:24:09,946 - [ERROR]     - ElasticTransformator - (ElasticTransformator.py).data_transform(37) - 2 validation errors for Record
genre
  none is not an allowed value (type=type_error.none.not_allowed)
title
  none is not an allowed value (type=type_error.none.not_allowed)
2021-12-11 12:24:09,946 - [ERROR]     - ElasticTransformator - (ElasticTransformator.py).data_transform(37) - 2 validation errors for Record
genre
  none is not an allowed value (type=type_error.none.not_allowed)
title
  none is not an allowed value (type=type_error.none.not_allowed)
2021-12-11 12:24:09,946 - [ERROR]     - ElasticTransformator - (ElasticTransformator.py).data_transform(37) - 2 validation errors for Record
genre
  none is not an allowed value (type=type_error.none.not_allowed)
title
  none is not an allowed value (type=type_error.none.not_allowed)
2021-12-11 12:24:09,947 - [ERROR]     - ElasticTransformator - (ElasticTransformator.py).data_transform(37) - 2 validation errors for Record
genre
  none is not an allowed value (type=type_error.none.not_allowed)
title
  none is not an allowed value (type=type_error.none.not_allowed)
2021-12-11 12:24:09,947 - [ERROR]     - ElasticTransformator - (ElasticTransformator.py).data_transform(37) - 2 validation errors for Record
genre
  none is not an allowed value (type=type_error.none.not_allowed)
title
  none is not an allowed value (type=type_error.none.not_allowed)
2021-12-11 12:24:09,947 - [ERROR]     - ElasticTransformator - (ElasticTransformator.py).data_transform(37) - 2 validation errors for Record
genre
  none is not an allowed value (type=type_error.none.not_allowed)
title
  none is not an allowed value (type=type_error.none.not_allowed)
2021-12-11 12:24:09,947 - [ERROR]     - ElasticTransformator - (ElasticTransformator.py).data_transform(37) - 2 validation errors for Record
genre
  none is not an allowed value (type=type_error.none.not_allowed)
title
  none is not an allowed value (type=type_error.none.not_allowed)
2021-12-11 12:24:09,948 - [ERROR]     - ElasticTransformator - (ElasticTransformator.py).data_transform(37) - 2 validation errors for Record
genre
  none is not an allowed value (type=type_error.none.not_allowed)
title
  none is not an allowed value (type=type_error.none.not_allowed)
2021-12-11 12:24:09,948 - [ERROR]     - ElasticTransformator - (ElasticTransformator.py).data_transform(37) - 2 validation errors for Record
genre
  none is not an allowed value (type=type_error.none.not_allowed)
title
  none is not an allowed value (type=type_error.none.not_allowed)
2021-12-11 12:24:09,948 - [ERROR]     - ElasticTransformator - (ElasticTransformator.py).data_transform(37) - 2 validation errors for Record
genre
  none is not an allowed value (type=type_error.none.not_allowed)
title
  none is not an allowed value (type=type_error.none.not_allowed)
2021-12-11 12:24:09,948 - [ERROR]     - ElasticTransformator - (ElasticTransformator.py).data_transform(37) - 2 validation errors for Record
genre
  none is not an allowed value (type=type_error.none.not_allowed)
title
  none is not an allowed value (type=type_error.none.not_allowed)
2021-12-11 12:24:09,949 - [ERROR]     - ElasticTransformator - (ElasticTransformator.py).data_transform(37) - 2 validation errors for Record
genre
  none is not an allowed value (type=type_error.none.not_allowed)
title
  none is not an allowed value (type=type_error.none.not_allowed)
2021-12-11 12:24:09,949 - [ERROR]     - ElasticTransformator - (ElasticTransformator.py).data_transform(37) - 2 validation errors for Record
genre
  none is not an allowed value (type=type_error.none.not_allowed)
title
  none is not an allowed value (type=type_error.none.not_allowed)
2021-12-11 12:24:09,949 - [ERROR]     - ElasticTransformator - (ElasticTransformator.py).data_transform(37) - 2 validation errors for Record
genre
  none is not an allowed value (type=type_error.none.not_allowed)
title
  none is not an allowed value (type=type_error.none.not_allowed)
2021-12-11 12:24:09,949 - [ERROR]     - ElasticTransformator - (ElasticTransformator.py).data_transform(37) - 2 validation errors for Record
genre
  none is not an allowed value (type=type_error.none.not_allowed)
title
  none is not an allowed value (type=type_error.none.not_allowed)
2021-12-11 12:24:09,950 - [ERROR]     - ElasticTransformator - (ElasticTransformator.py).data_transform(37) - 2 validation errors for Record
genre
  none is not an allowed value (type=type_error.none.not_allowed)
title
  none is not an allowed value (type=type_error.none.not_allowed)
2021-12-11 12:24:09,950 - [ERROR]     - ElasticTransformator - (ElasticTransformator.py).data_transform(37) - 2 validation errors for Record
genre
  none is not an allowed value (type=type_error.none.not_allowed)
title
  none is not an allowed value (type=type_error.none.not_allowed)
2021-12-11 12:24:09,950 - [ERROR]     - ElasticTransformator - (ElasticTransformator.py).data_transform(37) - 2 validation errors for Record
genre
  none is not an allowed value (type=type_error.none.not_allowed)
title
  none is not an allowed value (type=type_error.none.not_allowed)
2021-12-11 12:24:09,950 - [ERROR]     - ElasticTransformator - (ElasticTransformator.py).data_transform(37) - 2 validation errors for Record
genre
  none is not an allowed value (type=type_error.none.not_allowed)
title
  none is not an allowed value (type=type_error.none.not_allowed)
2021-12-11 12:24:09,951 - [ERROR]     - ElasticTransformator - (ElasticTransformator.py).data_transform(37) - 2 validation errors for Record
genre
  none is not an allowed value (type=type_error.none.not_allowed)
title
  none is not an allowed value (type=type_error.none.not_allowed)
2021-12-11 12:24:09,951 - [ERROR]     - ElasticTransformator - (ElasticTransformator.py).data_transform(37) - 2 validation errors for Record
genre
  none is not an allowed value (type=type_error.none.not_allowed)
title
  none is not an allowed value (type=type_error.none.not_allowed)
2021-12-11 12:24:09,951 - [ERROR]     - ElasticTransformator - (ElasticTransformator.py).data_transform(37) - 2 validation errors for Record
genre
  none is not an allowed value (type=type_error.none.not_allowed)
title
  none is not an allowed value (type=type_error.none.not_allowed)
2021-12-11 12:24:09,952 - [ERROR]     - ElasticTransformator - (ElasticTransformator.py).data_transform(37) - 2 validation errors for Record
genre
  none is not an allowed value (type=type_error.none.not_allowed)
title
  none is not an allowed value (type=type_error.none.not_allowed)
2021-12-11 12:24:09,952 - [ERROR]     - ElasticTransformator - (ElasticTransformator.py).data_transform(37) - 2 validation errors for Record
genre
  none is not an allowed value (type=type_error.none.not_allowed)
title
  none is not an allowed value (type=type_error.none.not_allowed)
2021-12-11 12:24:09,952 - [ERROR]     - ElasticTransformator - (ElasticTransformator.py).data_transform(37) - 2 validation errors for Record
genre
  none is not an allowed value (type=type_error.none.not_allowed)
title
  none is not an allowed value (type=type_error.none.not_allowed)
2021-12-11 12:24:09,953 - [ERROR]     - ElasticTransformator - (ElasticTransformator.py).data_transform(37) - 2 validation errors for Record
genre
  none is not an allowed value (type=type_error.none.not_allowed)
title
  none is not an allowed value (type=type_error.none.not_allowed)
2021-12-11 12:24:09,953 - [ERROR]     - ElasticTransformator - (ElasticTransformator.py).data_transform(37) - 2 validation errors for Record
genre
  none is not an allowed value (type=type_error.none.not_allowed)
title
  none is not an allowed value (type=type_error.none.not_allowed)
2021-12-11 12:24:09,953 - [ERROR]     - ElasticTransformator - (ElasticTransformator.py).data_transform(37) - 2 validation errors for Record
genre
  none is not an allowed value (type=type_error.none.not_allowed)
title
  none is not an allowed value (type=type_error.none.not_allowed)
2021-12-11 12:24:09,953 - [ERROR]     - ElasticTransformator - (ElasticTransformator.py).data_transform(37) - 2 validation errors for Record
genre
  none is not an allowed value (type=type_error.none.not_allowed)
title
  none is not an allowed value (type=type_error.none.not_allowed)
2021-12-11 12:24:09,954 - [ERROR]     - ElasticTransformator - (ElasticTransformator.py).data_transform(37) - 2 validation errors for Record
genre
  none is not an allowed value (type=type_error.none.not_allowed)
title
  none is not an allowed value (type=type_error.none.not_allowed)
2021-12-11 12:24:09,954 - [ERROR]     - ElasticTransformator - (ElasticTransformator.py).data_transform(37) - 2 validation errors for Record
genre
  none is not an allowed value (type=type_error.none.not_allowed)
title
  none is not an allowed value (type=type_error.none.not_allowed)
2021-12-11 12:24:09,954 - [ERROR]     - ElasticTransformator - (ElasticTransformator.py).data_transform(37) - 2 validation errors for Record
genre
  none is not an allowed value (type=type_error.none.not_allowed)
title
  none is not an allowed value (type=type_error.none.not_allowed)
2021-12-11 12:24:09,955 - [ERROR]     - ElasticTransformator - (ElasticTransformator.py).data_transform(37) - 2 validation errors for Record
genre
  none is not an allowed value (type=type_error.none.not_allowed)
title
  none is not an allowed value (type=type_error.none.not_allowed)
2021-12-11 12:24:09,955 - [ERROR]     - ElasticTransformator - (ElasticTransformator.py).data_transform(37) - 2 validation errors for Record
genre
  none is not an allowed value (type=type_error.none.not_allowed)
title
  none is not an allowed value (type=type_error.none.not_allowed)
2021-12-11 12:24:09,955 - [ERROR]     - ElasticTransformator - (ElasticTransformator.py).data_transform(37) - 2 validation errors for Record
genre
  none is not an allowed value (type=type_error.none.not_allowed)
title
  none is not an allowed value (type=type_error.none.not_allowed)
2021-12-11 12:24:09,955 - [ERROR]     - ElasticTransformator - (ElasticTransformator.py).data_transform(37) - 2 validation errors for Record
genre
  none is not an allowed value (type=type_error.none.not_allowed)
title
  none is not an allowed value (type=type_error.none.not_allowed)
2021-12-11 12:24:09,956 - [ERROR]     - ElasticTransformator - (ElasticTransformator.py).data_transform(37) - 2 validation errors for Record
genre
  none is not an allowed value (type=type_error.none.not_allowed)
title
  none is not an allowed value (type=type_error.none.not_allowed)
2021-12-11 12:24:09,956 - [ERROR]     - ElasticTransformator - (ElasticTransformator.py).data_transform(37) - 2 validation errors for Record
genre
  none is not an allowed value (type=type_error.none.not_allowed)
title
  none is not an allowed value (type=type_error.none.not_allowed)
2021-12-11 12:24:09,956 - [ERROR]     - ElasticTransformator - (ElasticTransformator.py).data_transform(37) - 2 validation errors for Record
genre
  none is not an allowed value (type=type_error.none.not_allowed)
title
  none is not an allowed value (type=type_error.none.not_allowed)
2021-12-11 12:24:09,956 - [ERROR]     - ElasticTransformator - (ElasticTransformator.py).data_transform(37) - 2 validation errors for Record
genre
  none is not an allowed value (type=type_error.none.not_allowed)
title
  none is not an allowed value (type=type_error.none.not_allowed)
2021-12-11 12:24:09,957 - [ERROR]     - ElasticTransformator - (ElasticTransformator.py).data_transform(37) - 2 validation errors for Record
genre
  none is not an allowed value (type=type_error.none.not_allowed)
title
  none is not an allowed value (type=type_error.none.not_allowed)
2021-12-11 12:24:09,957 - [ERROR]     - ElasticTransformator - (ElasticTransformator.py).data_transform(37) - 2 validation errors for Record
genre
  none is not an allowed value (type=type_error.none.not_allowed)
title
  none is not an allowed value (type=type_error.none.not_allowed)
2021-12-11 12:24:09,957 - [ERROR]     - ElasticTransformator - (ElasticTransformator.py).data_transform(37) - 2 validation errors for Record
genre
  none is not an allowed value (type=type_error.none.not_allowed)
title
  none is not an allowed value (type=type_error.none.not_allowed)
2021-12-11 12:24:09,958 - [ERROR]     - ElasticTransformator - (ElasticTransformator.py).data_transform(37) - 2 validation errors for Record
genre
  none is not an allowed value (type=type_error.none.not_allowed)
title
  none is not an allowed value (type=type_error.none.not_allowed)
2021-12-11 12:24:09,958 - [ERROR]     - ElasticTransformator - (ElasticTransformator.py).data_transform(37) - 2 validation errors for Record
genre
  none is not an allowed value (type=type_error.none.not_allowed)
title
  none is not an allowed value (type=type_error.none.not_allowed)
2021-12-11 12:24:09,958 - [ERROR]     - ElasticTransformator - (ElasticTransformator.py).data_transform(37) - 2 validation errors for Record
genre
  none is not an allowed value (type=type_error.none.not_allowed)
title
  none is not an allowed value (type=type_error.none.not_allowed)
2021-12-11 12:24:09,958 - [ERROR]     - ElasticTransformator - (ElasticTransformator.py).data_transform(37) - 2 validation errors for Record
genre
  none is not an allowed value (type=type_error.none.not_allowed)
title
  none is not an allowed value (type=type_error.none.not_allowed)
2021-12-11 12:24:09,959 - [ERROR]     - ElasticTransformator - (ElasticTransformator.py).data_transform(37) - 2 validation errors for Record
genre
  none is not an allowed value (type=type_error.none.not_allowed)
title
  none is not an allowed value (type=type_error.none.not_allowed)
2021-12-11 12:24:09,959 - [ERROR]     - ElasticTransformator - (ElasticTransformator.py).data_transform(37) - 2 validation errors for Record
genre
  none is not an allowed value (type=type_error.none.not_allowed)
title
  none is not an allowed value (type=type_error.none.not_allowed)
2021-12-11 12:24:09,959 - [ERROR]     - ElasticTransformator - (ElasticTransformator.py).data_transform(37) - 2 validation errors for Record
genre
  none is not an allowed value (type=type_error.none.not_allowed)
title
  none is not an allowed value (type=type_error.none.not_allowed)
2021-12-11 12:24:09,959 - [ERROR]     - ElasticTransformator - (ElasticTransformator.py).data_transform(37) - 2 validation errors for Record
genre
  none is not an allowed value (type=type_error.none.not_allowed)
title
  none is not an allowed value (type=type_error.none.not_allowed)
2021-12-11 12:24:09,960 - [ERROR]     - ElasticTransformator - (ElasticTransformator.py).data_transform(37) - 2 validation errors for Record
genre
  none is not an allowed value (type=type_error.none.not_allowed)
title
  none is not an allowed value (type=type_error.none.not_allowed)
2021-12-11 12:24:09,960 - [ERROR]     - ElasticTransformator - (ElasticTransformator.py).data_transform(37) - 2 validation errors for Record
genre
  none is not an allowed value (type=type_error.none.not_allowed)
title
  none is not an allowed value (type=type_error.none.not_allowed)
2021-12-11 12:24:09,960 - [ERROR]     - ElasticTransformator - (ElasticTransformator.py).data_transform(37) - 2 validation errors for Record
genre
  none is not an allowed value (type=type_error.none.not_allowed)
title
  none is not an allowed value (type=type_error.none.not_allowed)
2021-12-11 12:24:09,961 - [ERROR]     - ElasticTransformator - (ElasticTransformator.py).data_transform(37) - 2 validation errors for Record
genre
  none is not an allowed value (type=type_error.none.not_allowed)
title
  none is not an allowed value (type=type_error.none.not_allowed)
